Log file open, 09/05/20 22:43:47
LogInit: Display: Running engine for game: HPU3D
LogPlatformFile: Not using cached read wrapper
LogTaskGraph: Started task graph with 5 named threads and 23 total threads with 3 sets of task threads.
LogStats: Stats thread started at 0.189767
LogD3D11RHI: Loaded GFSDK_Aftermath_Lib.x64.dll
LogICUInternationalization: ICU TimeZone Detection - Raw Offset: -5:00, Platform Override: ''
LogPluginManager: Mounting plugin Paper2D
LogPluginManager: Mounting plugin AISupport
LogPluginManager: Mounting plugin LightPropagationVolume
LogPluginManager: Mounting plugin CameraShakePreviewer
LogPluginManager: Mounting plugin ActorLayerUtilities
LogPluginManager: Mounting plugin AnimationSharing
LogPluginManager: Mounting plugin CLionSourceCodeAccess
LogPluginManager: Mounting plugin CodeLiteSourceCodeAccess
LogPluginManager: Mounting plugin GitSourceControl
LogPluginManager: Mounting plugin KDevelopSourceCodeAccess
LogPluginManager: Mounting plugin NullSourceCodeAccess
LogPluginManager: Mounting plugin PerforceSourceControl
LogPluginManager: Mounting plugin PlasticSourceControl
LogPluginManager: Mounting plugin RiderSourceCodeAccess
LogPluginManager: Mounting plugin SubversionSourceControl
LogPluginManager: Mounting plugin UObjectPlugin
LogPluginManager: Mounting plugin VisualStudioCodeSourceCodeAccess
LogPluginManager: Mounting plugin VisualStudioSourceCodeAccess
LogPluginManager: Mounting plugin XCodeSourceCodeAccess
LogPluginManager: Mounting plugin AssetManagerEditor
LogPluginManager: Mounting plugin CryptoKeys
LogPluginManager: Mounting plugin CurveEditorTools
LogPluginManager: Mounting plugin DataValidation
LogPluginManager: Mounting plugin EditorScriptingUtilities
LogPluginManager: Mounting plugin FacialAnimation
LogPluginManager: Mounting plugin GameplayTagsEditor
LogPluginManager: Mounting plugin GeometryMode
LogPluginManager: Mounting plugin MacGraphicsSwitching
LogPluginManager: Mounting plugin MaterialAnalyzer
LogPluginManager: Mounting plugin MobileLauncherProfileWizard
LogPluginManager: Mounting plugin PluginBrowser
LogPluginManager: Mounting plugin SpeedTreeImporter
LogPluginManager: Mounting plugin DatasmithContent
LogPluginManager: Mounting plugin VariantManagerContent
LogPluginManager: Mounting plugin AlembicImporter
LogPluginManager: Mounting plugin AutomationUtils
LogPluginManager: Mounting plugin BackChannel
LogPluginManager: Mounting plugin ChaosCloth
LogPluginManager: Mounting plugin ChaosClothEditor
LogPluginManager: Mounting plugin ChaosEditor
LogPluginManager: Mounting plugin ChaosNiagara
LogPluginManager: Mounting plugin ChaosSolverPlugin
LogPluginManager: Mounting plugin CharacterAI
LogPluginManager: Mounting plugin GeometryCache
LogPluginManager: Mounting plugin GeometryCollectionPlugin
LogPluginManager: Mounting plugin GeometryProcessing
LogPluginManager: Mounting plugin PlanarCut
LogPluginManager: Mounting plugin PlatformCrypto
LogPluginManager: Mounting plugin ProxyLODPlugin
LogPluginManager: Mounting plugin SkeletalReduction
LogPluginManager: Mounting plugin Niagara
LogPluginManager: Mounting plugin MagicLeap
LogPluginManager: Mounting plugin MagicLeapLightEstimation
LogPluginManager: Mounting plugin MagicLeapMedia
LogPluginManager: Mounting plugin MagicLeapPassableWorld
LogPluginManager: Mounting plugin MLSDK
LogPluginManager: Mounting plugin AndroidMedia
LogPluginManager: Mounting plugin AvfMedia
LogPluginManager: Mounting plugin ImgMedia
LogPluginManager: Mounting plugin MediaCompositing
LogPluginManager: Mounting plugin MediaPlayerEditor
LogPluginManager: Mounting plugin WebMMedia
LogPluginManager: Mounting plugin WmfMedia
LogPluginManager: Mounting plugin MeshPainting
LogPluginManager: Mounting plugin TcpMessaging
LogPluginManager: Mounting plugin UdpMessaging
LogPluginManager: Mounting plugin ActorSequence
LogPluginManager: Mounting plugin LevelSequenceEditor
LogPluginManager: Mounting plugin MatineeToLevelSequence
LogPluginManager: Mounting plugin MovieRenderPipeline
LogPluginManager: Mounting plugin TemplateSequence
LogPluginManager: Mounting plugin NetcodeUnitTest
LogPluginManager: Mounting plugin NUTUnrealEngine4
LogPluginManager: Mounting plugin OnlineSubsystemGooglePlay
LogPluginManager: Mounting plugin OnlineSubsystemIOS
LogPluginManager: Mounting plugin OnlineSubsystem
LogPluginManager: Mounting plugin OnlineSubsystemNull
LogPluginManager: Mounting plugin OnlineSubsystemUtils
LogPluginManager: Mounting plugin LauncherChunkInstaller
LogPluginManager: Mounting plugin AndroidDeviceProfileSelector
LogPluginManager: Mounting plugin AndroidMoviePlayer
LogPluginManager: Mounting plugin AndroidPermission
LogPluginManager: Mounting plugin AppleImageUtils
LogPluginManager: Mounting plugin AppleMoviePlayer
LogPluginManager: Mounting plugin ArchVisCharacter
LogPluginManager: Mounting plugin AssetTags
LogPluginManager: Mounting plugin AudioCapture
LogPluginManager: Mounting plugin CableComponent
LogPluginManager: Mounting plugin CustomMeshComponent
LogPluginManager: Mounting plugin EditableMesh
LogPluginManager: Mounting plugin ExampleDeviceProfileSelector
LogPluginManager: Mounting plugin GoogleCloudMessaging
LogPluginManager: Mounting plugin GooglePAD
LogPluginManager: Mounting plugin IOSDeviceProfileSelector
LogPluginManager: Mounting plugin LinuxDeviceProfileSelector
LogPluginManager: Mounting plugin LocationServicesBPLibrary
LogPluginManager: Mounting plugin MobilePatchingUtils
LogPluginManager: Mounting plugin OculusVR
LogPluginManager: Mounting plugin PhysXVehicles
LogPluginManager: Mounting plugin PostSplashScreen
LogPluginManager: Mounting plugin ProceduralMeshComponent
LogPluginManager: Mounting plugin RuntimePhysXCooking
LogPluginManager: Mounting plugin SignificanceManager
LogPluginManager: Mounting plugin SoundFields
LogPluginManager: Mounting plugin SteamVR
LogPluginManager: Mounting plugin Synthesis
LogPluginManager: Mounting plugin WebMMoviePlayer
LogPluginManager: Mounting plugin WindowsMoviePlayer
LogPluginManager: Mounting plugin ScreenshotTools
LogInit: Using libcurl 7.55.1-DEV
LogInit:  - built for x86_64-pc-win32
LogInit:  - supports SSL with OpenSSL/1.1.1
LogInit:  - supports HTTP deflate (compression) using libz 1.2.8
LogInit:  - other features:
LogInit:      CURL_VERSION_SSL
LogInit:      CURL_VERSION_LIBZ
LogInit:      CURL_VERSION_IPV6
LogInit:      CURL_VERSION_ASYNCHDNS
LogInit:      CURL_VERSION_LARGEFILE
LogInit:      CURL_VERSION_IDN
LogInit:  CurlRequestOptions (configurable via config and command line):
LogInit:  - bVerifyPeer = true  - Libcurl will verify peer certificate
LogInit:  - bUseHttpProxy = false  - Libcurl will NOT use HTTP proxy
LogInit:  - bDontReuseConnections = false  - Libcurl will reuse connections
LogInit:  - MaxHostConnections = 16  - Libcurl will limit the number of connections to a host
LogInit:  - LocalHostAddr = Default
LogInit:  - BufferSize = 65536
LogOnline: OSS: Creating online subsystem instance for: NULL
LogInit: WinSock: version 1.1 (2.2), MaxSocks=32767, MaxUdp=65467
LogOnline: OSS: TryLoadSubsystemAndSetDefault: Loaded subsystem for module [NULL]
LogInit: Build: ++UE4+Release-4.25-CL-13942748
LogInit: Engine Version: 4.25.3-13942748+++UE4+Release-4.25
LogInit: Compatible Engine Version: 4.25.0-13144385+++UE4+Release-4.25
LogInit: Net CL: 13144385
LogInit: OS: Windows 10 (Release 1903) (), CPU: Intel(R) Core(TM) i7-7700 CPU @ 3.60GHz, GPU: NVIDIA GeForce GTX 1070
LogInit: Compiled (64-bit): Jul 25 2020 02:07:48
LogInit: Compiled with Visual C++: 19.24.28315.00
LogInit: Build Configuration: Development
LogInit: Branch Name: ++UE4+Release-4.25
LogInit: Command Line: 
LogInit: Base Directory: D:/Program Files/Epic Games/UE_4.25/Engine/Binaries/Win64/
LogInit: Allocator: TBB
LogInit: Installed Engine Build: 1
LogDevObjectVersion: Number of dev versions registered: 26
LogDevObjectVersion:   Dev-Blueprints (B0D832E4-1F89-4F0D-ACCF-7EB736FD4AA2): 10
LogDevObjectVersion:   Dev-Build (E1C64328-A22C-4D53-A36C-8E866417BD8C): 0
LogDevObjectVersion:   Dev-Core (375EC13C-06E4-48FB-B500-84F0262A717E): 4
LogDevObjectVersion:   Dev-Editor (E4B068ED-F494-42E9-A231-DA0B2E46BB41): 38
LogDevObjectVersion:   Dev-Framework (CFFC743F-43B0-4480-9391-14DF171D2073): 37
LogDevObjectVersion:   Dev-Mobile (B02B49B5-BB20-44E9-A304-32B752E40360): 2
LogDevObjectVersion:   Dev-Networking (A4E4105C-59A1-49B5-A7C5-40C4547EDFEE): 0
LogDevObjectVersion:   Dev-Online (39C831C9-5AE6-47DC-9A44-9C173E1C8E7C): 0
LogDevObjectVersion:   Dev-Physics (78F01B33-EBEA-4F98-B9B4-84EACCB95AA2): 4
LogDevObjectVersion:   Dev-Platform (6631380F-2D4D-43E0-8009-CF276956A95A): 0
LogDevObjectVersion:   Dev-Rendering (12F88B9F-8875-4AFC-A67C-D90C383ABD29): 43
LogDevObjectVersion:   Dev-Sequencer (7B5AE74C-D270-4C10-A958-57980B212A5A): 12
LogDevObjectVersion:   Dev-VR (D7296918-1DD6-4BDD-9DE2-64A83CC13884): 3
LogDevObjectVersion:   Dev-LoadTimes (C2A15278-BFE7-4AFE-6C17-90FF531DF755): 1
LogDevObjectVersion:   Private-Geometry (6EACA3D4-40EC-4CC1-B786-8BED09428FC5): 3
LogDevObjectVersion:   Dev-AnimPhys (29E575DD-E0A3-4627-9D10-D276232CDCEA): 17
LogDevObjectVersion:   Dev-Anim (AF43A65D-7FD3-4947-9873-3E8ED9C1BB05): 7
LogDevObjectVersion:   Dev-ReflectionCapture (6B266CEC-1EC7-4B8F-A30B-E4D90942FC07): 1
LogDevObjectVersion:   Dev-Automation (0DF73D61-A23F-47EA-B727-89E90C41499A): 1
LogDevObjectVersion:   FortniteMain (601D1886-AC64-4F84-AA16-D3DE0DEAC7D6): 31
LogDevObjectVersion:   Dev-Enterprise (9DFFBCD6-494F-0158-E221-12823C92A888): 10
LogDevObjectVersion:   Dev-Niagara (F2AED0AC-9AFE-416F-8664-AA7FFA26D6FC): 1
LogDevObjectVersion:   Dev-Destruction (174F1F0B-B4C6-45A5-B13F-2EE8D0FB917D): 10
LogDevObjectVersion:   Dev-Physics-Ext (35F94A83-E258-406C-A318-09F59610247C): 37
LogDevObjectVersion:   Dev-PhysicsMaterial-Chaos (B68FC16E-8B1B-42E2-B453-215C058844FE): 1
LogDevObjectVersion:   Dev-CineCamera (B2E18506-4273-CFC2-A54E-F4BB758BBA07): 1
LogInit: Presizing for max 25165824 objects, including 0 objects not considered by GC, pre-allocating 0 bytes for permanent pool.
LogConfig: Applying CVar settings from Section [/Script/Engine.StreamingSettings] File [D:/D drive for Heagney/UnrealProjects/HPU3D/Saved/Config/Windows/Engine.ini]
LogConfig: Setting CVar [[s.MinBulkDataSizeForAsyncLoading:131072]]
LogConfig: Setting CVar [[s.AsyncLoadingThreadEnabled:0]]
LogConfig: Setting CVar [[s.EventDrivenLoaderEnabled:1]]
LogConfig: Setting CVar [[s.WarnIfTimeLimitExceeded:0]]
LogConfig: Setting CVar [[s.TimeLimitExceededMultiplier:1.5]]
LogConfig: Setting CVar [[s.TimeLimitExceededMinTime:0.005]]
LogConfig: Setting CVar [[s.UseBackgroundLevelStreaming:1]]
LogConfig: Setting CVar [[s.PriorityAsyncLoadingExtraTime:15.0]]
LogConfig: Setting CVar [[s.LevelStreamingActorsUpdateTimeLimit:5.0]]
LogConfig: Setting CVar [[s.PriorityLevelStreamingActorsUpdateExtraTime:5.0]]
LogConfig: Setting CVar [[s.LevelStreamingComponentsRegistrationGranularity:10]]
LogConfig: Setting CVar [[s.UnregisterComponentsTimeLimit:1.0]]
LogConfig: Setting CVar [[s.LevelStreamingComponentsUnregistrationGranularity:5]]
LogConfig: Setting CVar [[s.FlushStreamingOnExit:1]]
LogInit: Object subsystem initialized
LogConfig: Setting CVar [[con.DebugEarlyDefault:1]]
LogConfig: Setting CVar [[r.setres:1280x720]]
[2020.09.06-02.43.47:328][  0]LogConfig: Setting CVar [[r.VSync:0]]
[2020.09.06-02.43.47:328][  0]LogConfig: Setting CVar [[r.RHICmdBypass:0]]
[2020.09.06-02.43.47:328][  0]LogConfig: Applying CVar settings from Section [/Script/Engine.RendererSettings] File [D:/D drive for Heagney/UnrealProjects/HPU3D/Saved/Config/Windows/Engine.ini]
[2020.09.06-02.43.47:328][  0]LogConfig: Setting CVar [[r.GPUCrashDebugging:0]]
[2020.09.06-02.43.47:328][  0]LogConfig: Applying CVar settings from Section [/Script/Engine.RendererOverrideSettings] File [D:/D drive for Heagney/UnrealProjects/HPU3D/Saved/Config/Windows/Engine.ini]
[2020.09.06-02.43.47:328][  0]LogConfig: Applying CVar settings from Section [/Script/Engine.StreamingSettings] File [D:/D drive for Heagney/UnrealProjects/HPU3D/Saved/Config/Windows/Engine.ini]
[2020.09.06-02.43.47:328][  0]LogConfig: Setting CVar [[s.MinBulkDataSizeForAsyncLoading:131072]]
[2020.09.06-02.43.47:328][  0]LogConfig: Setting CVar [[s.AsyncLoadingThreadEnabled:0]]
[2020.09.06-02.43.47:328][  0]LogConfig: Setting CVar [[s.EventDrivenLoaderEnabled:1]]
[2020.09.06-02.43.47:328][  0]LogConfig: Setting CVar [[s.WarnIfTimeLimitExceeded:0]]
[2020.09.06-02.43.47:328][  0]LogConfig: Setting CVar [[s.TimeLimitExceededMultiplier:1.5]]
[2020.09.06-02.43.47:328][  0]LogConfig: Setting CVar [[s.TimeLimitExceededMinTime:0.005]]
[2020.09.06-02.43.47:328][  0]LogConfig: Setting CVar [[s.UseBackgroundLevelStreaming:1]]
[2020.09.06-02.43.47:328][  0]LogConfig: Setting CVar [[s.PriorityAsyncLoadingExtraTime:15.0]]
[2020.09.06-02.43.47:328][  0]LogConfig: Setting CVar [[s.LevelStreamingActorsUpdateTimeLimit:5.0]]
[2020.09.06-02.43.47:328][  0]LogConfig: Setting CVar [[s.PriorityLevelStreamingActorsUpdateExtraTime:5.0]]
[2020.09.06-02.43.47:328][  0]LogConfig: Setting CVar [[s.LevelStreamingComponentsRegistrationGranularity:10]]
[2020.09.06-02.43.47:328][  0]LogConfig: Setting CVar [[s.UnregisterComponentsTimeLimit:1.0]]
[2020.09.06-02.43.47:328][  0]LogConfig: Setting CVar [[s.LevelStreamingComponentsUnregistrationGranularity:5]]
[2020.09.06-02.43.47:328][  0]LogConfig: Setting CVar [[s.FlushStreamingOnExit:1]]
[2020.09.06-02.43.47:328][  0]LogConfig: Applying CVar settings from Section [/Script/Engine.GarbageCollectionSettings] File [D:/D drive for Heagney/UnrealProjects/HPU3D/Saved/Config/Windows/Engine.ini]
[2020.09.06-02.43.47:328][  0]LogConfig: Setting CVar [[gc.MaxObjectsNotConsideredByGC:1]]
[2020.09.06-02.43.47:328][  0]LogConfig: Setting CVar [[gc.SizeOfPermanentObjectPool:0]]
[2020.09.06-02.43.47:328][  0]LogConfig: Setting CVar [[gc.FlushStreamingOnGC:0]]
[2020.09.06-02.43.47:328][  0]LogConfig: Setting CVar [[gc.NumRetriesBeforeForcingGC:10]]
[2020.09.06-02.43.47:328][  0]LogConfig: Setting CVar [[gc.AllowParallelGC:1]]
[2020.09.06-02.43.47:328][  0]LogConfig: Setting CVar [[gc.TimeBetweenPurgingPendingKillObjects:61.1]]
[2020.09.06-02.43.47:328][  0]LogConfig: Setting CVar [[gc.MaxObjectsInEditor:25165824]]
[2020.09.06-02.43.47:328][  0]LogConfig: Setting CVar [[gc.IncrementalBeginDestroyEnabled:1]]
[2020.09.06-02.43.47:328][  0]LogConfig: Setting CVar [[gc.CreateGCClusters:1]]
[2020.09.06-02.43.47:328][  0]LogConfig: Setting CVar [[gc.MinGCClusterSize:5]]
[2020.09.06-02.43.47:328][  0]LogConfig: Setting CVar [[gc.ActorClusteringEnabled:0]]
[2020.09.06-02.43.47:328][  0]LogConfig: Setting CVar [[gc.BlueprintClusteringEnabled:0]]
[2020.09.06-02.43.47:328][  0]LogConfig: Setting CVar [[gc.UseDisregardForGCOnDedicatedServers:0]]
[2020.09.06-02.43.47:328][  0]LogConfig: Applying CVar settings from Section [/Script/Engine.NetworkSettings] File [D:/D drive for Heagney/UnrealProjects/HPU3D/Saved/Config/Windows/Engine.ini]
[2020.09.06-02.43.47:328][  0]LogConfig: Applying CVar settings from Section [/Script/UnrealEd.CookerSettings] File [D:/D drive for Heagney/UnrealProjects/HPU3D/Saved/Config/Windows/Engine.ini]
[2020.09.06-02.43.47:333][  0]LogConfig: Applying CVar settings from Section [ViewDistanceQuality@3] File [D:/D drive for Heagney/UnrealProjects/HPU3D/Saved/Config/Windows/Scalability.ini]
[2020.09.06-02.43.47:333][  0]LogConfig: Setting CVar [[r.SkeletalMeshLODBias:0]]
[2020.09.06-02.43.47:333][  0]LogConfig: Setting CVar [[r.ViewDistanceScale:1.0]]
[2020.09.06-02.43.47:333][  0]LogConfig: Applying CVar settings from Section [AntiAliasingQuality@3] File [D:/D drive for Heagney/UnrealProjects/HPU3D/Saved/Config/Windows/Scalability.ini]
[2020.09.06-02.43.47:333][  0]LogConfig: Setting CVar [[r.PostProcessAAQuality:4]]
[2020.09.06-02.43.47:333][  0]LogConfig: Applying CVar settings from Section [ShadowQuality@3] File [D:/D drive for Heagney/UnrealProjects/HPU3D/Saved/Config/Windows/Scalability.ini]
[2020.09.06-02.43.47:333][  0]LogConfig: Setting CVar [[r.LightFunctionQuality:1]]
[2020.09.06-02.43.47:333][  0]LogConfig: Setting CVar [[r.ShadowQuality:5]]
[2020.09.06-02.43.47:333][  0]LogConfig: Setting CVar [[r.Shadow.CSM.MaxCascades:10]]
[2020.09.06-02.43.47:333][  0]LogConfig: Setting CVar [[r.Shadow.MaxResolution:2048]]
[2020.09.06-02.43.47:333][  0]LogConfig: Setting CVar [[r.Shadow.MaxCSMResolution:2048]]
[2020.09.06-02.43.47:333][  0]LogConfig: Setting CVar [[r.Shadow.RadiusThreshold:0.01]]
[2020.09.06-02.43.47:333][  0]LogConfig: Setting CVar [[r.Shadow.DistanceScale:1.0]]
[2020.09.06-02.43.47:333][  0]LogConfig: Setting CVar [[r.Shadow.CSM.TransitionScale:1.0]]
[2020.09.06-02.43.47:333][  0]LogConfig: Setting CVar [[r.Shadow.PreShadowResolutionFactor:1.0]]
[2020.09.06-02.43.47:333][  0]LogConfig: Setting CVar [[r.DistanceFieldShadowing:1]]
[2020.09.06-02.43.47:333][  0]LogConfig: Setting CVar [[r.DistanceFieldAO:1]]
[2020.09.06-02.43.47:333][  0]LogConfig: Setting CVar [[r.AOQuality:2]]
[2020.09.06-02.43.47:333][  0]LogConfig: Setting CVar [[r.VolumetricFog:1]]
[2020.09.06-02.43.47:333][  0]LogConfig: Setting CVar [[r.VolumetricFog.GridPixelSize:8]]
[2020.09.06-02.43.47:333][  0]LogConfig: Setting CVar [[r.VolumetricFog.GridSizeZ:128]]
[2020.09.06-02.43.47:333][  0]LogConfig: Setting CVar [[r.VolumetricFog.HistoryMissSupersampleCount:4]]
[2020.09.06-02.43.47:333][  0]LogConfig: Setting CVar [[r.LightMaxDrawDistanceScale:1]]
[2020.09.06-02.43.47:333][  0]LogConfig: Setting CVar [[r.CapsuleShadows:1]]
[2020.09.06-02.43.47:333][  0]LogConfig: Applying CVar settings from Section [PostProcessQuality@3] File [D:/D drive for Heagney/UnrealProjects/HPU3D/Saved/Config/Windows/Scalability.ini]
[2020.09.06-02.43.47:333][  0]LogConfig: Setting CVar [[r.MotionBlurQuality:4]]
[2020.09.06-02.43.47:333][  0]LogConfig: Setting CVar [[r.AmbientOcclusionMipLevelFactor:0.4]]
[2020.09.06-02.43.47:333][  0]LogConfig: Setting CVar [[r.AmbientOcclusionMaxQuality:100]]
[2020.09.06-02.43.47:333][  0]LogConfig: Setting CVar [[r.AmbientOcclusionLevels:-1]]
[2020.09.06-02.43.47:333][  0]LogConfig: Setting CVar [[r.AmbientOcclusionRadiusScale:1.0]]
[2020.09.06-02.43.47:333][  0]LogConfig: Setting CVar [[r.DepthOfFieldQuality:2]]
[2020.09.06-02.43.47:333][  0]LogConfig: Setting CVar [[r.RenderTargetPoolMin:400]]
[2020.09.06-02.43.47:333][  0]LogConfig: Setting CVar [[r.LensFlareQuality:2]]
[2020.09.06-02.43.47:333][  0]LogConfig: Setting CVar [[r.SceneColorFringeQuality:1]]
[2020.09.06-02.43.47:333][  0]LogConfig: Setting CVar [[r.EyeAdaptationQuality:2]]
[2020.09.06-02.43.47:333][  0]LogConfig: Setting CVar [[r.BloomQuality:5]]
[2020.09.06-02.43.47:333][  0]LogConfig: Setting CVar [[r.FastBlurThreshold:100]]
[2020.09.06-02.43.47:333][  0]LogConfig: Setting CVar [[r.Upscale.Quality:3]]
[2020.09.06-02.43.47:333][  0]LogConfig: Setting CVar [[r.Tonemapper.GrainQuantization:1]]
[2020.09.06-02.43.47:333][  0]LogConfig: Setting CVar [[r.LightShaftQuality:1]]
[2020.09.06-02.43.47:333][  0]LogConfig: Setting CVar [[r.Filter.SizeScale:1]]
[2020.09.06-02.43.47:333][  0]LogConfig: Setting CVar [[r.Tonemapper.Quality:5]]
[2020.09.06-02.43.47:333][  0]LogConfig: Setting CVar [[r.DOF.Gather.AccumulatorQuality:1        ; higher gathering accumulator quality]]
[2020.09.06-02.43.47:333][  0]LogConfig: Setting CVar [[r.DOF.Gather.PostfilterMethod:1          ; Median3x3 postfilering method]]
[2020.09.06-02.43.47:333][  0]LogConfig: Setting CVar [[r.DOF.Gather.EnableBokehSettings:0       ; no bokeh simulation when gathering]]
[2020.09.06-02.43.47:333][  0]LogConfig: Setting CVar [[r.DOF.Gather.RingCount:4                 ; medium number of samples when gathering]]
[2020.09.06-02.43.47:333][  0]LogConfig: Setting CVar [[r.DOF.Scatter.ForegroundCompositing:1    ; additive foreground scattering]]
[2020.09.06-02.43.47:333][  0]LogConfig: Setting CVar [[r.DOF.Scatter.BackgroundCompositing:2    ; additive background scattering]]
[2020.09.06-02.43.47:333][  0]LogConfig: Setting CVar [[r.DOF.Scatter.EnableBokehSettings:1      ; bokeh simulation when scattering]]
[2020.09.06-02.43.47:333][  0]LogConfig: Setting CVar [[r.DOF.Scatter.MaxSpriteRatio:0.1         ; only a maximum of 10% of scattered bokeh]]
[2020.09.06-02.43.47:333][  0]LogConfig: Setting CVar [[r.DOF.Recombine.Quality:1                ; cheap slight out of focus]]
[2020.09.06-02.43.47:333][  0]LogConfig: Setting CVar [[r.DOF.Recombine.EnableBokehSettings:0    ; no bokeh simulation on slight out of focus]]
[2020.09.06-02.43.47:333][  0]LogConfig: Setting CVar [[r.DOF.TemporalAAQuality:1                ; more stable temporal accumulation]]
[2020.09.06-02.43.47:333][  0]LogConfig: Setting CVar [[r.DOF.Kernel.MaxForegroundRadius:0.025]]
[2020.09.06-02.43.47:333][  0]LogConfig: Setting CVar [[r.DOF.Kernel.MaxBackgroundRadius:0.025]]
[2020.09.06-02.43.47:333][  0]LogConfig: Applying CVar settings from Section [TextureQuality@3] File [D:/D drive for Heagney/UnrealProjects/HPU3D/Saved/Config/Windows/Scalability.ini]
[2020.09.06-02.43.47:333][  0]LogConfig: Setting CVar [[r.Streaming.MipBias:0]]
[2020.09.06-02.43.47:333][  0]LogConfig: Setting CVar [[r.Streaming.AmortizeCPUToGPUCopy:0]]
[2020.09.06-02.43.47:333][  0]LogConfig: Setting CVar [[r.Streaming.MaxNumTexturesToStreamPerFrame:0]]
[2020.09.06-02.43.47:333][  0]LogConfig: Setting CVar [[r.Streaming.Boost:1]]
[2020.09.06-02.43.47:333][  0]LogConfig: Setting CVar [[r.MaxAnisotropy:8]]
[2020.09.06-02.43.47:333][  0]LogConfig: Setting CVar [[r.VT.MaxAnisotropy:8]]
[2020.09.06-02.43.47:333][  0]LogConfig: Setting CVar [[r.Streaming.LimitPoolSizeToVRAM:0]]
[2020.09.06-02.43.47:333][  0]LogConfig: Setting CVar [[r.Streaming.PoolSize:1000]]
[2020.09.06-02.43.47:333][  0]LogConfig: Setting CVar [[r.Streaming.MaxEffectiveScreenSize:0]]
[2020.09.06-02.43.47:333][  0]LogConfig: Applying CVar settings from Section [EffectsQuality@3] File [D:/D drive for Heagney/UnrealProjects/HPU3D/Saved/Config/Windows/Scalability.ini]
[2020.09.06-02.43.47:333][  0]LogConfig: Setting CVar [[r.TranslucencyLightingVolumeDim:64]]
[2020.09.06-02.43.47:333][  0]LogConfig: Setting CVar [[r.RefractionQuality:2]]
[2020.09.06-02.43.47:333][  0]LogConfig: Setting CVar [[r.SSR.Quality:3]]
[2020.09.06-02.43.47:333][  0]LogConfig: Setting CVar [[r.SSR.HalfResSceneColor:0]]
[2020.09.06-02.43.47:333][  0]LogConfig: Setting CVar [[r.SceneColorFormat:4]]
[2020.09.06-02.43.47:333][  0]LogConfig: Setting CVar [[r.DetailMode:2]]
[2020.09.06-02.43.47:333][  0]LogConfig: Setting CVar [[r.TranslucencyVolumeBlur:1]]
[2020.09.06-02.43.47:333][  0]LogConfig: Setting CVar [[r.MaterialQualityLevel:1 ; High quality]]
[2020.09.06-02.43.47:333][  0]LogConfig: Setting CVar [[r.SSS.Scale:1]]
[2020.09.06-02.43.47:333][  0]LogConfig: Setting CVar [[r.SSS.SampleSet:2]]
[2020.09.06-02.43.47:333][  0]LogConfig: Setting CVar [[r.SSS.Quality:1]]
[2020.09.06-02.43.47:333][  0]LogConfig: Setting CVar [[r.SSS.HalfRes:0]]
[2020.09.06-02.43.47:333][  0]LogConfig: Setting CVar [[r.SSGI.Quality:3]]
[2020.09.06-02.43.47:333][  0]LogConfig: Setting CVar [[r.EmitterSpawnRateScale:1.0]]
[2020.09.06-02.43.47:333][  0]LogConfig: Setting CVar [[r.ParticleLightQuality:2]]
[2020.09.06-02.43.47:333][  0]LogConfig: Setting CVar [[r.SkyAtmosphere.AerialPerspectiveLUT.FastApplyOnOpaque:1 ; Always have FastSkyLUT 1 in this case to avoid wrong sky]]
[2020.09.06-02.43.47:333][  0]LogConfig: Setting CVar [[r.SkyAtmosphere.AerialPerspectiveLUT.SampleCountPerSlice:1]]
[2020.09.06-02.43.47:333][  0]LogConfig: Setting CVar [[r.SkyAtmosphere.AerialPerspectiveLUT.DepthResolution:16.0]]
[2020.09.06-02.43.47:333][  0]LogConfig: Setting CVar [[r.SkyAtmosphere.FastSkyLUT:1]]
[2020.09.06-02.43.47:334][  0]LogConfig: Setting CVar [[r.SkyAtmosphere.FastSkyLUT.SampleCountMin:4.0]]
[2020.09.06-02.43.47:334][  0]LogConfig: Setting CVar [[r.SkyAtmosphere.FastSkyLUT.SampleCountMax:32.0]]
[2020.09.06-02.43.47:334][  0]LogConfig: Setting CVar [[r.SkyAtmosphere.SampleCountMin:4.0]]
[2020.09.06-02.43.47:334][  0]LogConfig: Setting CVar [[r.SkyAtmosphere.SampleCountMax:32.0]]
[2020.09.06-02.43.47:334][  0]LogConfig: Setting CVar [[r.SkyAtmosphere.TransmittanceLUT.UseSmallFormat:0]]
[2020.09.06-02.43.47:334][  0]LogConfig: Setting CVar [[r.SkyAtmosphere.TransmittanceLUT.SampleCount:10.0]]
[2020.09.06-02.43.47:334][  0]LogConfig: Setting CVar [[r.SkyAtmosphere.MultiScatteringLUT.SampleCount:15.0]]
[2020.09.06-02.43.47:334][  0]LogConfig: Applying CVar settings from Section [FoliageQuality@3] File [D:/D drive for Heagney/UnrealProjects/HPU3D/Saved/Config/Windows/Scalability.ini]
[2020.09.06-02.43.47:334][  0]LogConfig: Setting CVar [[foliage.DensityScale:1.0]]
[2020.09.06-02.43.47:334][  0]LogConfig: Setting CVar [[grass.DensityScale:1.0]]
[2020.09.06-02.43.47:334][  0]LogConfig: Applying CVar settings from Section [ShadingQuality@3] File [D:/D drive for Heagney/UnrealProjects/HPU3D/Saved/Config/Windows/Scalability.ini]
[2020.09.06-02.43.47:334][  0]LogConfig: Setting CVar [[r.HairStrands.SkyLighting.SampleCount:16]]
[2020.09.06-02.43.47:334][  0]LogConfig: Setting CVar [[r.HairStrands.SkyLighting.JitterIntegration:0]]
[2020.09.06-02.43.47:334][  0]LogConfig: Setting CVar [[r.HairStrands.SkyAO.SampleCount:16]]
[2020.09.06-02.43.47:334][  0]LogConfig: Setting CVar [[r.HairStrands.DeepShadow.SuperSampling:0]]
[2020.09.06-02.43.47:334][  0]LogConfig: Setting CVar [[r.HairStrands.VisibilityPPLL:0]]
[2020.09.06-02.43.47:334][  0]LogConfig: Setting CVar [[r.HairStrands.RasterizationScale:0.5]]
[2020.09.06-02.43.47:334][  0]LogConfig: Setting CVar [[r.HairStrands.VelocityRasterizationScale:1]]
[2020.09.06-02.43.47:334][  0]LogInit: Selected Device Profile: [Windows]
[2020.09.06-02.43.47:334][  0]LogInit: Applying CVar settings loaded from the selected device profile: [Windows]
[2020.09.06-02.43.47:334][  0]LogHAL: Display: Platform has ~ 32 GB [34304913408 / 34359738368 / 32], which maps to Largest [LargestMinGB=32, LargerMinGB=12, DefaultMinGB=8, SmallerMinGB=6, SmallestMinGB=0)
[2020.09.06-02.43.47:334][  0]LogInit: Going up to parent DeviceProfile []
[2020.09.06-02.43.47:334][  0]LogConfig: Applying CVar settings from Section [ViewDistanceQuality@3] File [D:/D drive for Heagney/UnrealProjects/HPU3D/Saved/Config/Windows/Scalability.ini]
[2020.09.06-02.43.47:334][  0]LogConfig: Setting CVar [[r.SkeletalMeshLODBias:0]]
[2020.09.06-02.43.47:334][  0]LogConfig: Setting CVar [[r.ViewDistanceScale:1.0]]
[2020.09.06-02.43.47:334][  0]LogConfig: Applying CVar settings from Section [AntiAliasingQuality@3] File [D:/D drive for Heagney/UnrealProjects/HPU3D/Saved/Config/Windows/Scalability.ini]
[2020.09.06-02.43.47:334][  0]LogConfig: Setting CVar [[r.PostProcessAAQuality:4]]
[2020.09.06-02.43.47:334][  0]LogConfig: Applying CVar settings from Section [ShadowQuality@3] File [D:/D drive for Heagney/UnrealProjects/HPU3D/Saved/Config/Windows/Scalability.ini]
[2020.09.06-02.43.47:334][  0]LogConfig: Setting CVar [[r.LightFunctionQuality:1]]
[2020.09.06-02.43.47:334][  0]LogConfig: Setting CVar [[r.ShadowQuality:5]]
[2020.09.06-02.43.47:334][  0]LogConfig: Setting CVar [[r.Shadow.CSM.MaxCascades:10]]
[2020.09.06-02.43.47:334][  0]LogConfig: Setting CVar [[r.Shadow.MaxResolution:2048]]
[2020.09.06-02.43.47:334][  0]LogConfig: Setting CVar [[r.Shadow.MaxCSMResolution:2048]]
[2020.09.06-02.43.47:334][  0]LogConfig: Setting CVar [[r.Shadow.RadiusThreshold:0.01]]
[2020.09.06-02.43.47:334][  0]LogConfig: Setting CVar [[r.Shadow.DistanceScale:1.0]]
[2020.09.06-02.43.47:334][  0]LogConfig: Setting CVar [[r.Shadow.CSM.TransitionScale:1.0]]
[2020.09.06-02.43.47:334][  0]LogConfig: Setting CVar [[r.Shadow.PreShadowResolutionFactor:1.0]]
[2020.09.06-02.43.47:334][  0]LogConfig: Setting CVar [[r.DistanceFieldShadowing:1]]
[2020.09.06-02.43.47:334][  0]LogConfig: Setting CVar [[r.DistanceFieldAO:1]]
[2020.09.06-02.43.47:334][  0]LogConfig: Setting CVar [[r.AOQuality:2]]
[2020.09.06-02.43.47:334][  0]LogConfig: Setting CVar [[r.VolumetricFog:1]]
[2020.09.06-02.43.47:334][  0]LogConfig: Setting CVar [[r.VolumetricFog.GridPixelSize:8]]
[2020.09.06-02.43.47:334][  0]LogConfig: Setting CVar [[r.VolumetricFog.GridSizeZ:128]]
[2020.09.06-02.43.47:334][  0]LogConfig: Setting CVar [[r.VolumetricFog.HistoryMissSupersampleCount:4]]
[2020.09.06-02.43.47:334][  0]LogConfig: Setting CVar [[r.LightMaxDrawDistanceScale:1]]
[2020.09.06-02.43.47:334][  0]LogConfig: Setting CVar [[r.CapsuleShadows:1]]
[2020.09.06-02.43.47:334][  0]LogConfig: Applying CVar settings from Section [PostProcessQuality@3] File [D:/D drive for Heagney/UnrealProjects/HPU3D/Saved/Config/Windows/Scalability.ini]
[2020.09.06-02.43.47:334][  0]LogConfig: Setting CVar [[r.MotionBlurQuality:4]]
[2020.09.06-02.43.47:334][  0]LogConfig: Setting CVar [[r.AmbientOcclusionMipLevelFactor:0.4]]
[2020.09.06-02.43.47:334][  0]LogConfig: Setting CVar [[r.AmbientOcclusionMaxQuality:100]]
[2020.09.06-02.43.47:334][  0]LogConfig: Setting CVar [[r.AmbientOcclusionLevels:-1]]
[2020.09.06-02.43.47:334][  0]LogConfig: Setting CVar [[r.AmbientOcclusionRadiusScale:1.0]]
[2020.09.06-02.43.47:334][  0]LogConfig: Setting CVar [[r.DepthOfFieldQuality:2]]
[2020.09.06-02.43.47:334][  0]LogConfig: Setting CVar [[r.RenderTargetPoolMin:400]]
[2020.09.06-02.43.47:334][  0]LogConfig: Setting CVar [[r.LensFlareQuality:2]]
[2020.09.06-02.43.47:334][  0]LogConfig: Setting CVar [[r.SceneColorFringeQuality:1]]
[2020.09.06-02.43.47:334][  0]LogConfig: Setting CVar [[r.EyeAdaptationQuality:2]]
[2020.09.06-02.43.47:334][  0]LogConfig: Setting CVar [[r.BloomQuality:5]]
[2020.09.06-02.43.47:334][  0]LogConfig: Setting CVar [[r.FastBlurThreshold:100]]
[2020.09.06-02.43.47:334][  0]LogConfig: Setting CVar [[r.Upscale.Quality:3]]
[2020.09.06-02.43.47:334][  0]LogConfig: Setting CVar [[r.Tonemapper.GrainQuantization:1]]
[2020.09.06-02.43.47:334][  0]LogConfig: Setting CVar [[r.LightShaftQuality:1]]
[2020.09.06-02.43.47:334][  0]LogConfig: Setting CVar [[r.Filter.SizeScale:1]]
[2020.09.06-02.43.47:334][  0]LogConfig: Setting CVar [[r.Tonemapper.Quality:5]]
[2020.09.06-02.43.47:334][  0]LogConfig: Setting CVar [[r.DOF.Gather.AccumulatorQuality:1        ; higher gathering accumulator quality]]
[2020.09.06-02.43.47:334][  0]LogConfig: Setting CVar [[r.DOF.Gather.PostfilterMethod:1          ; Median3x3 postfilering method]]
[2020.09.06-02.43.47:334][  0]LogConfig: Setting CVar [[r.DOF.Gather.EnableBokehSettings:0       ; no bokeh simulation when gathering]]
[2020.09.06-02.43.47:334][  0]LogConfig: Setting CVar [[r.DOF.Gather.RingCount:4                 ; medium number of samples when gathering]]
[2020.09.06-02.43.47:334][  0]LogConfig: Setting CVar [[r.DOF.Scatter.ForegroundCompositing:1    ; additive foreground scattering]]
[2020.09.06-02.43.47:334][  0]LogConfig: Setting CVar [[r.DOF.Scatter.BackgroundCompositing:2    ; additive background scattering]]
[2020.09.06-02.43.47:334][  0]LogConfig: Setting CVar [[r.DOF.Scatter.EnableBokehSettings:1      ; bokeh simulation when scattering]]
[2020.09.06-02.43.47:334][  0]LogConfig: Setting CVar [[r.DOF.Scatter.MaxSpriteRatio:0.1         ; only a maximum of 10% of scattered bokeh]]
[2020.09.06-02.43.47:334][  0]LogConfig: Setting CVar [[r.DOF.Recombine.Quality:1                ; cheap slight out of focus]]
[2020.09.06-02.43.47:334][  0]LogConfig: Setting CVar [[r.DOF.Recombine.EnableBokehSettings:0    ; no bokeh simulation on slight out of focus]]
[2020.09.06-02.43.47:334][  0]LogConfig: Setting CVar [[r.DOF.TemporalAAQuality:1                ; more stable temporal accumulation]]
[2020.09.06-02.43.47:334][  0]LogConfig: Setting CVar [[r.DOF.Kernel.MaxForegroundRadius:0.025]]
[2020.09.06-02.43.47:334][  0]LogConfig: Setting CVar [[r.DOF.Kernel.MaxBackgroundRadius:0.025]]
[2020.09.06-02.43.47:334][  0]LogConfig: Applying CVar settings from Section [TextureQuality@3] File [D:/D drive for Heagney/UnrealProjects/HPU3D/Saved/Config/Windows/Scalability.ini]
[2020.09.06-02.43.47:334][  0]LogConfig: Setting CVar [[r.Streaming.MipBias:0]]
[2020.09.06-02.43.47:334][  0]LogConfig: Setting CVar [[r.Streaming.AmortizeCPUToGPUCopy:0]]
[2020.09.06-02.43.47:334][  0]LogConfig: Setting CVar [[r.Streaming.MaxNumTexturesToStreamPerFrame:0]]
[2020.09.06-02.43.47:334][  0]LogConfig: Setting CVar [[r.Streaming.Boost:1]]
[2020.09.06-02.43.47:335][  0]LogConfig: Setting CVar [[r.MaxAnisotropy:8]]
[2020.09.06-02.43.47:335][  0]LogConfig: Setting CVar [[r.VT.MaxAnisotropy:8]]
[2020.09.06-02.43.47:335][  0]LogConfig: Setting CVar [[r.Streaming.LimitPoolSizeToVRAM:0]]
[2020.09.06-02.43.47:335][  0]LogConfig: Setting CVar [[r.Streaming.PoolSize:1000]]
[2020.09.06-02.43.47:335][  0]LogConfig: Setting CVar [[r.Streaming.MaxEffectiveScreenSize:0]]
[2020.09.06-02.43.47:335][  0]LogConfig: Applying CVar settings from Section [EffectsQuality@3] File [D:/D drive for Heagney/UnrealProjects/HPU3D/Saved/Config/Windows/Scalability.ini]
[2020.09.06-02.43.47:335][  0]LogConfig: Setting CVar [[r.TranslucencyLightingVolumeDim:64]]
[2020.09.06-02.43.47:335][  0]LogConfig: Setting CVar [[r.RefractionQuality:2]]
[2020.09.06-02.43.47:335][  0]LogConfig: Setting CVar [[r.SSR.Quality:3]]
[2020.09.06-02.43.47:335][  0]LogConfig: Setting CVar [[r.SSR.HalfResSceneColor:0]]
[2020.09.06-02.43.47:335][  0]LogConfig: Setting CVar [[r.SceneColorFormat:4]]
[2020.09.06-02.43.47:335][  0]LogConfig: Setting CVar [[r.DetailMode:2]]
[2020.09.06-02.43.47:335][  0]LogConfig: Setting CVar [[r.TranslucencyVolumeBlur:1]]
[2020.09.06-02.43.47:335][  0]LogConfig: Setting CVar [[r.MaterialQualityLevel:1 ; High quality]]
[2020.09.06-02.43.47:335][  0]LogConfig: Setting CVar [[r.SSS.Scale:1]]
[2020.09.06-02.43.47:335][  0]LogConfig: Setting CVar [[r.SSS.SampleSet:2]]
[2020.09.06-02.43.47:335][  0]LogConfig: Setting CVar [[r.SSS.Quality:1]]
[2020.09.06-02.43.47:335][  0]LogConfig: Setting CVar [[r.SSS.HalfRes:0]]
[2020.09.06-02.43.47:335][  0]LogConfig: Setting CVar [[r.SSGI.Quality:3]]
[2020.09.06-02.43.47:335][  0]LogConfig: Setting CVar [[r.EmitterSpawnRateScale:1.0]]
[2020.09.06-02.43.47:335][  0]LogConfig: Setting CVar [[r.ParticleLightQuality:2]]
[2020.09.06-02.43.47:335][  0]LogConfig: Setting CVar [[r.SkyAtmosphere.AerialPerspectiveLUT.FastApplyOnOpaque:1 ; Always have FastSkyLUT 1 in this case to avoid wrong sky]]
[2020.09.06-02.43.47:335][  0]LogConfig: Setting CVar [[r.SkyAtmosphere.AerialPerspectiveLUT.SampleCountPerSlice:1]]
[2020.09.06-02.43.47:335][  0]LogConfig: Setting CVar [[r.SkyAtmosphere.AerialPerspectiveLUT.DepthResolution:16.0]]
[2020.09.06-02.43.47:335][  0]LogConfig: Setting CVar [[r.SkyAtmosphere.FastSkyLUT:1]]
[2020.09.06-02.43.47:335][  0]LogConfig: Setting CVar [[r.SkyAtmosphere.FastSkyLUT.SampleCountMin:4.0]]
[2020.09.06-02.43.47:335][  0]LogConfig: Setting CVar [[r.SkyAtmosphere.FastSkyLUT.SampleCountMax:32.0]]
[2020.09.06-02.43.47:335][  0]LogConfig: Setting CVar [[r.SkyAtmosphere.SampleCountMin:4.0]]
[2020.09.06-02.43.47:335][  0]LogConfig: Setting CVar [[r.SkyAtmosphere.SampleCountMax:32.0]]
[2020.09.06-02.43.47:335][  0]LogConfig: Setting CVar [[r.SkyAtmosphere.TransmittanceLUT.UseSmallFormat:0]]
[2020.09.06-02.43.47:335][  0]LogConfig: Setting CVar [[r.SkyAtmosphere.TransmittanceLUT.SampleCount:10.0]]
[2020.09.06-02.43.47:335][  0]LogConfig: Setting CVar [[r.SkyAtmosphere.MultiScatteringLUT.SampleCount:15.0]]
[2020.09.06-02.43.47:335][  0]LogConfig: Applying CVar settings from Section [FoliageQuality@3] File [D:/D drive for Heagney/UnrealProjects/HPU3D/Saved/Config/Windows/Scalability.ini]
[2020.09.06-02.43.47:335][  0]LogConfig: Setting CVar [[foliage.DensityScale:1.0]]
[2020.09.06-02.43.47:335][  0]LogConfig: Setting CVar [[grass.DensityScale:1.0]]
[2020.09.06-02.43.47:335][  0]LogConfig: Applying CVar settings from Section [ShadingQuality@3] File [D:/D drive for Heagney/UnrealProjects/HPU3D/Saved/Config/Windows/Scalability.ini]
[2020.09.06-02.43.47:335][  0]LogConfig: Setting CVar [[r.HairStrands.SkyLighting.SampleCount:16]]
[2020.09.06-02.43.47:335][  0]LogConfig: Setting CVar [[r.HairStrands.SkyLighting.JitterIntegration:0]]
[2020.09.06-02.43.47:335][  0]LogConfig: Setting CVar [[r.HairStrands.SkyAO.SampleCount:16]]
[2020.09.06-02.43.47:335][  0]LogConfig: Setting CVar [[r.HairStrands.DeepShadow.SuperSampling:0]]
[2020.09.06-02.43.47:335][  0]LogConfig: Setting CVar [[r.HairStrands.VisibilityPPLL:0]]
[2020.09.06-02.43.47:335][  0]LogConfig: Setting CVar [[r.HairStrands.RasterizationScale:0.5]]
[2020.09.06-02.43.47:335][  0]LogConfig: Setting CVar [[r.HairStrands.VelocityRasterizationScale:1]]
[2020.09.06-02.43.47:335][  0]LogConfig: Applying CVar settings from Section [Startup] File [../../../Engine/Config/ConsoleVariables.ini]
[2020.09.06-02.43.47:335][  0]LogConfig: Setting CVar [[net.UseAdaptiveNetUpdateFrequency:0]]
[2020.09.06-02.43.47:335][  0]LogConfig: Setting CVar [[p.chaos.AllowCreatePhysxBodies:1]]
[2020.09.06-02.43.47:335][  0]LogConfig: Setting CVar [[fx.SkipVectorVMBackendOptimizations:1]]
[2020.09.06-02.43.47:335][  0]LogConfig: Applying CVar settings from Section [ConsoleVariables] File [D:/D drive for Heagney/UnrealProjects/HPU3D/Saved/Config/Windows/Engine.ini]
[2020.09.06-02.43.47:335][  0]LogInit: Computer: NQSC307-MSI-BH
[2020.09.06-02.43.47:335][  0]LogInit: User: bheagney
[2020.09.06-02.43.47:335][  0]LogInit: CPU Page size=4096, Cores=4
[2020.09.06-02.43.47:335][  0]LogInit: High frequency timer resolution =10.000000 MHz
[2020.09.06-02.43.47:336][  0]LogMemory: Memory total: Physical=31.9GB (32GB approx)
[2020.09.06-02.43.47:336][  0]LogMemory: Platform Memory Stats for Windows
[2020.09.06-02.43.47:336][  0]LogMemory: Process Physical Memory: 114.46 MB used, 114.46 MB peak
[2020.09.06-02.43.47:336][  0]LogMemory: Process Virtual Memory: 96.23 MB used, 96.23 MB peak
[2020.09.06-02.43.47:336][  0]LogMemory: Physical Memory: 10898.91 MB used,  21816.80 MB free, 32715.71 MB total
[2020.09.06-02.43.47:336][  0]LogMemory: Virtual Memory: 5143.36 MB used,  134212584.00 MB free, 134217728.00 MB total
[2020.09.06-02.43.47:344][  0]LogWindows: WindowsPlatformFeatures enabled
[2020.09.06-02.43.47:382][  0]LogInit: Physics initialised using underlying interface: PhysX
[2020.09.06-02.43.47:385][  0]LogInit: Using OS detected language (en-US).
[2020.09.06-02.43.47:385][  0]LogInit: Using OS detected locale (en-US).
[2020.09.06-02.43.47:388][  0]LogTextLocalizationManager: No specific localization for 'en-US' exists, so the 'en' localization will be used.
[2020.09.06-02.43.47:542][  0]LogInit: Setting process to per monitor DPI aware
[2020.09.06-02.43.47:597][  0]LogSlate: New Slate User Created.  User Index 0, Is Virtual User: 0
[2020.09.06-02.43.47:597][  0]LogSlate: Slate User Registered.  User Index 0, Is Virtual User: 0
[2020.09.06-02.43.47:899][  0]LogHMD: Failed to initialize OpenVR with code 110
[2020.09.06-02.43.47:899][  0]LogD3D11RHI: D3D11 min allowed feature level: 11_0
[2020.09.06-02.43.47:899][  0]LogD3D11RHI: D3D11 max allowed feature level: 11_0
[2020.09.06-02.43.47:899][  0]LogD3D11RHI: D3D11 adapters:
[2020.09.06-02.43.47:967][  0]LogD3D11RHI:    0. 'NVIDIA GeForce GTX 1070' (Feature Level 11_0)
[2020.09.06-02.43.47:967][  0]LogD3D11RHI:       8088/0/16357 MB DedicatedVideo/DedicatedSystem/SharedSystem, Outputs:2, VendorId:0x10de
[2020.09.06-02.43.47:970][  0]LogD3D11RHI:    1. 'Microsoft Basic Render Driver' (Feature Level 11_0)
[2020.09.06-02.43.47:970][  0]LogD3D11RHI:       0/0/16357 MB DedicatedVideo/DedicatedSystem/SharedSystem, Outputs:0, VendorId:0x1414
[2020.09.06-02.43.47:970][  0]LogD3D11RHI: Chosen D3D11 Adapter: 0
[2020.09.06-02.43.47:978][  0]LogD3D11RHI: Creating new Direct3DDevice
[2020.09.06-02.43.47:978][  0]LogD3D11RHI:     GPU DeviceId: 0x1b81 (for the marketing name, search the web for "GPU Device Id")
[2020.09.06-02.43.47:978][  0]LogWindows: EnumDisplayDevices:
[2020.09.06-02.43.47:979][  0]LogWindows:    0. 'NVIDIA GeForce GTX 1070' (P:1 D:1)
[2020.09.06-02.43.47:979][  0]LogWindows:    1. 'NVIDIA GeForce GTX 1070' (P:0 D:1)
[2020.09.06-02.43.47:979][  0]LogWindows:    2. 'NVIDIA GeForce GTX 1070' (P:0 D:0)
[2020.09.06-02.43.47:980][  0]LogWindows:    3. 'NVIDIA GeForce GTX 1070' (P:0 D:0)
[2020.09.06-02.43.47:980][  0]LogWindows: DebugString: FoundDriverCount:4 
[2020.09.06-02.43.47:980][  0]LogD3D11RHI:     Adapter Name: NVIDIA GeForce GTX 1070
[2020.09.06-02.43.47:980][  0]LogD3D11RHI:   Driver Version: 436.30 (internal:26.21.14.3630, unified:436.30)
[2020.09.06-02.43.47:980][  0]LogD3D11RHI:      Driver Date: 9-5-2019
[2020.09.06-02.43.47:980][  0]LogRHI: Texture pool is 5661 MB (70% of 8088 MB)
[2020.09.06-02.43.48:019][  0]LogD3D11RHI: RHI has support for 64 bit atomics
[2020.09.06-02.43.48:020][  0]LogD3D11RHI: [Aftermath] Enabled and primed
[2020.09.06-02.43.48:020][  0]LogD3D11RHI: Async texture creation enabled
[2020.09.06-02.43.48:020][  0]LogD3D11RHI: Array index from any shader is supported
[2020.09.06-02.43.48:308][  0]LogD3D11RHI: GPU Timing Frequency: 1000.000000 (Debug: 2 1)
[2020.09.06-02.43.48:628][  0]LogTargetPlatformManager: Display: Loaded TargetPlatform 'AllDesktop'
[2020.09.06-02.43.48:648][  0]LogTargetPlatformManager: Display: Loaded TargetPlatform 'Android'
[2020.09.06-02.43.48:648][  0]LogTargetPlatformManager: Display: Loaded TargetPlatform 'Android_ASTC'
[2020.09.06-02.43.48:648][  0]LogTargetPlatformManager: Display: Loaded TargetPlatform 'Android_DXT'
[2020.09.06-02.43.48:648][  0]LogTargetPlatformManager: Display: Loaded TargetPlatform 'Android_ETC2'
[2020.09.06-02.43.48:648][  0]LogTargetPlatformManager: Display: Loaded TargetPlatform 'AndroidClient'
[2020.09.06-02.43.48:648][  0]LogTargetPlatformManager: Display: Loaded TargetPlatform 'Android_ASTCClient'
[2020.09.06-02.43.48:648][  0]LogTargetPlatformManager: Display: Loaded TargetPlatform 'Android_DXTClient'
[2020.09.06-02.43.48:648][  0]LogTargetPlatformManager: Display: Loaded TargetPlatform 'Android_ETC2Client'
[2020.09.06-02.43.48:648][  0]LogTargetPlatformManager: Display: Loaded TargetPlatform 'Android_Multi'
[2020.09.06-02.43.48:648][  0]LogTargetPlatformManager: Display: Loaded TargetPlatform 'Android_MultiClient'
[2020.09.06-02.43.48:672][  0]LogTargetPlatformManager: Display: Loaded TargetPlatform 'IOSClient'
[2020.09.06-02.43.48:672][  0]LogTargetPlatformManager: Display: Loaded TargetPlatform 'IOS'
[2020.09.06-02.43.48:682][  0]LogTargetPlatformManager: Display: Loaded TargetPlatform 'Linux'
[2020.09.06-02.43.48:691][  0]LogTargetPlatformManager: Display: Loaded TargetPlatform 'LinuxNoEditor'
[2020.09.06-02.43.48:700][  0]LogTargetPlatformManager: Display: Loaded TargetPlatform 'LinuxClient'
[2020.09.06-02.43.48:709][  0]LogTargetPlatformManager: Display: Loaded TargetPlatform 'LinuxServer'
[2020.09.06-02.43.48:718][  0]LogTargetPlatformManager: Display: Loaded TargetPlatform 'LinuxAArch64NoEditor'
[2020.09.06-02.43.48:727][  0]LogTargetPlatformManager: Display: Loaded TargetPlatform 'LinuxAArch64Client'
[2020.09.06-02.43.48:736][  0]LogTargetPlatformManager: Display: Loaded TargetPlatform 'LinuxAArch64Server'
[2020.09.06-02.43.48:760][  0]LogTargetPlatformManager: Display: Loaded TargetPlatform 'Lumin'
[2020.09.06-02.43.48:760][  0]LogTargetPlatformManager: Display: Loaded TargetPlatform 'LuminClient'
[2020.09.06-02.43.48:775][  0]LogTargetPlatformManager: Display: Loaded TargetPlatform 'TVOSClient'
[2020.09.06-02.43.48:775][  0]LogTargetPlatformManager: Display: Loaded TargetPlatform 'TVOS'
[2020.09.06-02.43.48:785][  0]LogTargetPlatformManager: Display: Loaded TargetPlatform 'WindowsNoEditor'
[2020.09.06-02.43.48:795][  0]LogTargetPlatformManager: Display: Loaded TargetPlatform 'Windows'
[2020.09.06-02.43.48:805][  0]LogTargetPlatformManager: Display: Loaded TargetPlatform 'WindowsClient'
[2020.09.06-02.43.48:814][  0]LogTargetPlatformManager: Display: Loaded TargetPlatform 'WindowsServer'
[2020.09.06-02.43.48:814][  0]LogTargetPlatformManager: Display: Building Assets For Windows
[2020.09.06-02.43.48:823][  0]LogAudioDebug: Display: Lib vorbis DLL was dynamically loaded.
[2020.09.06-02.43.48:886][  0]LogShaderCompilers: Guid format shader working directory is -10 characters bigger than the processId version (../../../../../../D drive for Heagney/UnrealProjects/HPU3D/Intermediate/Shaders/WorkingDirectory/77956/).
[2020.09.06-02.43.48:886][  0]LogShaderCompilers: Cleaned the shader compiler working directory 'C:/Users/bheagney/AppData/Local/Temp/UnrealShaderWorkingDir/2F7835254871617EA06529B6AC88567B/'.
[2020.09.06-02.43.48:886][  0]LogXGEController: Cleaning working directory: C:/Users/bheagney/AppData/Local/Temp/UnrealXGEWorkingDir/
[2020.09.06-02.43.48:887][  0]LogXGEController: Cannot use XGE Controller as Incredibuild is not installed on this machine.
[2020.09.06-02.43.48:887][  0]LogShaderCompilers: Cannot use XGE Shader Compiler as Incredibuild is not installed on this machine.
[2020.09.06-02.43.48:887][  0]LogShaderCompilers: Display: Using Local Shader Compiler.
[2020.09.06-02.43.49:627][  0]LogDerivedDataCache: Display: Max Cache Size: 512 MB
[2020.09.06-02.43.49:675][  0]LogDerivedDataCache: Loaded boot cache 0.05s 76MB C:/Users/bheagney/AppData/Local/UnrealEngine/4.25/DerivedDataCache/Boot.ddc.
[2020.09.06-02.43.49:675][  0]LogDerivedDataCache: Display: Loaded Boot cache: C:/Users/bheagney/AppData/Local/UnrealEngine/4.25/DerivedDataCache/Boot.ddc
[2020.09.06-02.43.49:675][  0]LogDerivedDataCache: FDerivedDataBackendGraph:  Pak pak cache file ../../../../../../D drive for Heagney/UnrealProjects/HPU3D/DerivedDataCache/DDC.ddp not found, will not use a pak cache.
[2020.09.06-02.43.49:675][  0]LogDerivedDataCache: Unable to find inner node Pak for hierarchical cache Hierarchy.
[2020.09.06-02.43.49:675][  0]LogDerivedDataCache: FDerivedDataBackendGraph:  CompressedPak pak cache file ../../../../../../D drive for Heagney/UnrealProjects/HPU3D/DerivedDataCache/Compressed.ddp not found, will not use a pak cache.
[2020.09.06-02.43.49:675][  0]LogDerivedDataCache: Unable to find inner node CompressedPak for hierarchical cache Hierarchy.
[2020.09.06-02.43.49:684][  0]LogDerivedDataCache: Display: Pak cache opened for reading ../../../Engine/DerivedDataCache/Compressed.ddp.
[2020.09.06-02.43.49:684][  0]LogDerivedDataCache: FDerivedDataBackendGraph:  EnterprisePak pak cache file ../../../Enterprise/DerivedDataCache/Compressed.ddp not found, will not use a pak cache.
[2020.09.06-02.43.49:684][  0]LogDerivedDataCache: Unable to find inner node EnterprisePak for hierarchical cache Hierarchy.
[2020.09.06-02.43.49:686][  0]LogDerivedDataCache: Using Local data cache path C:/Users/bheagney/AppData/Local/UnrealEngine/Common/DerivedDataCache: Writable
[2020.09.06-02.43.49:686][  0]LogDerivedDataCache: Shared data cache path not found in *engine.ini, will not use an Shared cache.
[2020.09.06-02.43.49:686][  0]LogDerivedDataCache: Unable to find inner node Shared for hierarchical cache Hierarchy.
[2020.09.06-02.43.49:731][  0]LogSlate: Using FreeType 2.10.0
[2020.09.06-02.43.49:732][  0]LogSlate: SlateFontServices - WITH_FREETYPE: 1, WITH_HARFBUZZ: 1
[2020.09.06-02.43.49:761][  0]LogAssetRegistry: FAssetRegistry took 0.0025 seconds to start up
[2020.09.06-02.43.49:971][  0]LogInit: Selected Device Profile: [Windows]
[2020.09.06-02.43.50:078][  0]LogMeshReduction: Using QuadricMeshReduction for automatic static mesh reduction
[2020.09.06-02.43.50:078][  0]LogMeshReduction: Using SimplygonMeshReduction for automatic skeletal mesh reduction
[2020.09.06-02.43.50:078][  0]LogMeshReduction: Using ProxyLODMeshReduction for automatic mesh merging
[2020.09.06-02.43.50:078][  0]LogMeshReduction: No distributed automatic mesh merging module available
[2020.09.06-02.43.50:078][  0]LogMeshMerging: No distributed automatic mesh merging module available
[2020.09.06-02.43.50:095][  0]LogNetVersion: HPU3D 1.0.0, NetCL: 13144385, EngineNetVer: 14, GameNetVer: 0 (Checksum: 3306682803)
[2020.09.06-02.43.50:529][  0]LogAISub: UAISubsystem::UAISubsystem AISubsystem (0000025B52AA82C0), frame # 0
[2020.09.06-02.43.50:530][  0]LogAISub: UAISubsystem::UAISubsystem AIPerceptionSystem (0000025B529CEAC0), frame # 0
[2020.09.06-02.43.50:531][  0]LogAISub: UAISubsystem::UAISubsystem EnvQueryManager (0000025B52A3CA00), frame # 0
[2020.09.06-02.43.50:589][  0]LogPackageLocalizationCache: Processed 19 localized package path(s) for 1 prioritized culture(s) in 0.052123 seconds
[2020.09.06-02.43.50:593][  0]LogUObjectArray: 15917 objects as part of root set at end of initial load.
[2020.09.06-02.43.50:593][  0]LogUObjectAllocator: 3965568 out of 0 bytes used by permanent object pool.
[2020.09.06-02.43.50:593][  0]LogUObjectArray: CloseDisregardForGC: 0/0 objects in disregard for GC pool
[2020.09.06-02.43.50:951][  0]LogTcpMessaging: Initializing TcpMessaging bridge
[2020.09.06-02.43.50:956][  0]LogUdpMessaging: Initializing bridge on interface 0.0.0.0:0 to multicast group 230.0.0.1:6666.
[2020.09.06-02.43.51:006][  0]LogLinker: Warning: Failed to load '/Game/PuzzleBP/Tutorial/Part8-EverythingElse': Can't find file.
[2020.09.06-02.43.51:006][  0]LogLinker: Warning: Failed to load '/Game/PuzzleBP/Tutorial/Part8-EverythingElse': Can't find file.
[2020.09.06-02.43.51:006][  0]LogUObjectGlobals: Warning: Failed to find object 'Class /Game/PuzzleBP/Tutorial/Part8-EverythingElse.Part8-EverythingElse_C'
[2020.09.06-02.43.51:045][  0]SourceControl: Source control is disabled
[2020.09.06-02.43.51:045][  0]SourceControl: Source control is disabled
[2020.09.06-02.43.51:049][  0]SourceControl: Source control is disabled
[2020.09.06-02.43.51:052][  0]SourceControl: Source control is disabled
[2020.09.06-02.43.51:061][  0]SourceControl: Source control is disabled
[2020.09.06-02.43.51:075][  0]LogVSAccessor: Display: Unable to create Visual Studio setup instance: 80040154
[2020.09.06-02.43.51:076][  0]LogVSAccessor: Display: Unable to create Visual Studio setup instance: 80040154
[2020.09.06-02.43.51:315][  0]LogAndroidPermission: UAndroidPermissionCallbackProxy::GetInstance
[2020.09.06-02.43.51:337][  0]LogAudioCaptureCore: Display: No Audio Capture implementations found. Audio input will be silent.
[2020.09.06-02.43.51:337][  0]LogAudioCaptureCore: Display: No Audio Capture implementations found. Audio input will be silent.
[2020.09.06-02.43.51:386][  0]LogOcInput: OculusInput pre-init called
[2020.09.06-02.43.51:397][  0]LogWindows: Failed to load 'OVRPlugin.dll' (GetLastError=126)
[2020.09.06-02.43.51:397][  0]LogWindows: File 'OVRPlugin.dll' does not exist
[2020.09.06-02.43.51:457][  0]LogEngine: Initializing Engine...
[2020.09.06-02.43.51:458][  0]LogHMD: Failed to initialize OpenVR with code 110
[2020.09.06-02.43.51:458][  0]LogMagicLeap: Warning: VR disabled because ZI is not enabled.  To enable, in the editor, Edit -> Project Settings -> Plugins -> Magic Leap Plugin -> Enable Zero Iteration
[2020.09.06-02.43.51:459][  0]LogStats: UGameplayTagsManager::InitializeManager -  0.000 s
[2020.09.06-02.43.51:571][  0]LogInit: Initializing FReadOnlyCVARCache
[2020.09.06-02.43.51:579][  0]LogAIModule: Creating AISystem for world Untitled
[2020.09.06-02.43.51:579][  0]LogAISub: UAISubsystem::UAISubsystem EnvQueryManager (0000025B57ECBC00), frame # 0
[2020.09.06-02.43.51:579][  0]LogAISub: UAISubsystem::UAISubsystem AIPerceptionSystem (0000025B57F0AD40), frame # 0
[2020.09.06-02.43.51:596][  0]LogAudioMixer: Display: Audio Mixer Platform Settings:
[2020.09.06-02.43.51:596][  0]LogAudioMixer: Display: 	Sample Rate:						  48000
[2020.09.06-02.43.51:596][  0]LogAudioMixer: Display: 	Callback Buffer Frame Size Requested: 1024
[2020.09.06-02.43.51:596][  0]LogAudioMixer: Display: 	Callback Buffer Frame Size To Use:	  1024
[2020.09.06-02.43.51:596][  0]LogAudioMixer: Display: 	Number of buffers to queue:			  2
[2020.09.06-02.43.51:596][  0]LogAudioMixer: Display: 	Max Channels (voices):				  32
[2020.09.06-02.43.51:596][  0]LogAudioMixer: Display: 	Number of Async Source Workers:		  0
[2020.09.06-02.43.51:596][  0]LogAudio: Display: AudioDevice MaxSources: 32
[2020.09.06-02.43.51:596][  0]LogAudio: Display: Using built-in audio occlusion.
[2020.09.06-02.43.51:596][  0]LogAudioMixer: Display: Initializing audio mixer.
[2020.09.06-02.43.51:614][  0]LogAudioMixer: Display: 0: FrontLeft
[2020.09.06-02.43.51:614][  0]LogAudioMixer: Display: 1: FrontRight
[2020.09.06-02.43.51:670][  0]LogAudioMixer: Display: Using Audio Device Speakers (2- Dell AC511 USB SoundBar)
[2020.09.06-02.43.51:673][  0]LogAudioMixer: Display: Initializing Sound Submixes...
[2020.09.06-02.43.51:675][  0]LogAudioMixer: Display: Creating Master Submix 'MasterSubmixDefault'
[2020.09.06-02.43.51:675][  0]LogAudioMixer: Display: Creating Master Submix 'MasterReverbSubmixDefault'
[2020.09.06-02.43.51:676][  0]LogAudioMixer: Display: Creating Master Submix 'MasterEQSubmixDefault'
[2020.09.06-02.43.51:677][  0]LogInit: FAudioDevice initialized.
[2020.09.06-02.43.51:677][  0]LogNetVersion: Set ProjectVersion to 1.0.0.0. Version Checksum will be recalculated on next use.
[2020.09.06-02.43.51:738][  0]LogDerivedDataCache: Saved boot cache 0.06s 76MB C:/Users/bheagney/AppData/Local/UnrealEngine/4.25/DerivedDataCache/Boot.ddc.
[2020.09.06-02.43.51:742][  0]LogInit: Texture streaming: Enabled
[2020.09.06-02.43.51:762][  0]LogEngineSessionManager: EngineSessionManager initialized
[2020.09.06-02.43.51:762][  0]LogEditorSessionSummary: Verbose: Initializing EditorSessionSummaryWriter for editor session tracking
[2020.09.06-02.43.51:771][  0]LogEditorSessionSummary: EditorSessionSummaryWriter initialized
[2020.09.06-02.43.51:823][  0]LogInit: Transaction tracking system initialized
[2020.09.06-02.43.51:851][  0]BlueprintLog: New page: Editor Load
[2020.09.06-02.43.51:934][  0]LocalizationService: Localization service is disabled
[2020.09.06-02.43.52:332][  0]LogVSAccessor: Display: Unable to create Visual Studio setup instance: 80040154
[2020.09.06-02.43.52:332][  0]LogVSAccessor: Display: Unable to create Visual Studio setup instance: 80040154
[2020.09.06-02.43.52:402][  0]LogCook: Display: Max memory allowance for cook 16384mb min free memory 0mb
[2020.09.06-02.43.52:402][  0]LogCook: Display: Mobile HDR setting 1
[2020.09.06-02.43.52:516][  0]LogFileCache: Scanning file cache for directory 'D:/D drive for Heagney/UnrealProjects/HPU3D/Content/' took 0.01s
[2020.09.06-02.43.52:822][  0]SourceControl: Source control is disabled
[2020.09.06-02.43.52:822][  0]LogUnrealEdMisc: Loading editor; pre map load, took 7.570
[2020.09.06-02.43.52:822][  0]Cmd: MAP LOAD FILE="../../../../../../D drive for Heagney/UnrealProjects/HPU3D/Content/FirstPersonBP/Maps/Heagney_Office.umap" TEMPLATE=0 SHOWPROGRESS=1 FEATURELEVEL=3
[2020.09.06-02.43.52:822][  0]LightingResults: New page: Lighting Build
[2020.09.06-02.43.52:823][  0]LogWorld: UWorld::CleanupWorld for Untitled, bSessionEnded=true, bCleanupResources=true
[2020.09.06-02.43.52:823][  0]LogSlate: InvalidateAllWidgets triggered.  All widgets were invalidated
[2020.09.06-02.43.52:823][  0]MapCheck: New page: Map Check
[2020.09.06-02.43.52:823][  0]LightingResults: New page: Lighting Build
[2020.09.06-02.43.52:832][  0]LogAISub: UAISubsystem::~UAISubsystem EnvQueryManager (0000025B57ECBC00), frame # 0
[2020.09.06-02.43.52:832][  0]LogAISub: UAISubsystem::~UAISubsystem AIPerceptionSystem (0000025B57F0AD40), frame # 0
[2020.09.06-02.43.52:833][  0]LogUObjectHash: Compacting FUObjectHashTables data took   0.55ms
[2020.09.06-02.43.53:116][  0]LogAIModule: Creating AISystem for world Heagney_Office
[2020.09.06-02.43.53:116][  0]LogAISub: UAISubsystem::UAISubsystem EnvQueryManager (0000025B48E3D800), frame # 0
[2020.09.06-02.43.53:116][  0]LogAISub: UAISubsystem::UAISubsystem AIPerceptionSystem (0000025B48A90900), frame # 0
[2020.09.06-02.43.53:148][  0]LogEditorServer: Finished looking for orphan Actors (0.000 secs)
[2020.09.06-02.43.53:158][  0]LogUObjectHash: Compacting FUObjectHashTables data took   0.67ms
[2020.09.06-02.43.53:158][  0]Cmd: MAP CHECKDEP NOCLEARLOG
[2020.09.06-02.43.53:158][  0]MapCheck: Map check complete: 0 Error(s), 0 Warning(s), took 0.091ms to complete.
[2020.09.06-02.43.53:158][  0]LogFileHelpers: Loading map 'Heagney_Office' took 0.337
[2020.09.06-02.43.53:160][  0]LogUnrealEdMisc: Total Editor Startup Time, took 7.909
[2020.09.06-02.43.53:303][  0]LogSlate: Updating window title bar state: overlay mode, drag disabled, window buttons hidden, title bar hidden
[2020.09.06-02.43.53:309][  0]LogSlate: Updating window title bar state: overlay mode, drag disabled, window buttons hidden, title bar hidden
[2020.09.06-02.43.53:315][  0]LogSlate: Updating window title bar state: overlay mode, drag disabled, window buttons hidden, title bar hidden
[2020.09.06-02.43.53:321][  0]LogSlate: Updating window title bar state: overlay mode, drag disabled, window buttons hidden, title bar hidden
[2020.09.06-02.43.53:332][  0]LogCollectionManager: Loaded 0 collections in 0.000953 seconds
[2020.09.06-02.43.53:345][  0]LogFileCache: Scanning file cache for directory 'D:/D drive for Heagney/UnrealProjects/HPU3D/Saved/Collections/' took 0.00s
[2020.09.06-02.43.53:346][  0]LogFileCache: Scanning file cache for directory 'D:/D drive for Heagney/UnrealProjects/HPU3D/Content/Developers/bheagney/Collections/' took 0.00s
[2020.09.06-02.43.53:346][  0]LogFileCache: Scanning file cache for directory 'D:/D drive for Heagney/UnrealProjects/HPU3D/Content/Collections/' took 0.00s
[2020.09.06-02.43.53:346][  0]LogContentBrowser: Native class hierarchy populated in 0.0078 seconds. Added 3427 classes and 821 folders.
[2020.09.06-02.43.53:348][  0]LogContentBrowser: Native class hierarchy updated for 'WidgetCarousel' in 0.0002 seconds. Added 0 classes and 0 folders.
[2020.09.06-02.43.53:450][  0]LogContentBrowser: Native class hierarchy updated for 'AddContentDialog' in 0.0003 seconds. Added 0 classes and 0 folders.
[2020.09.06-02.43.53:451][  0]LogContentBrowser: Native class hierarchy updated for 'SceneOutliner' in 0.0003 seconds. Added 2 classes and 0 folders.
[2020.09.06-02.43.53:493][  0]LogSlate: Took 0.000395 seconds to synchronously load lazily loaded font '../../../Engine/Content/Slate/Fonts/Roboto-Regular.ttf' (155K)
[2020.09.06-02.43.53:494][  0]LogSlate: Took 0.000317 seconds to synchronously load lazily loaded font '../../../Engine/Content/Slate/Fonts/Roboto-Bold.ttf' (160K)
[2020.09.06-02.43.53:498][  0]LogSlate: Took 0.000267 seconds to synchronously load lazily loaded font '../../../Engine/Content/Editor/Slate/Fonts/FontAwesome.ttf' (139K)
[2020.09.06-02.43.53:570][  0]LogRenderer: Reallocating scene render targets to support 1040x628 Format 10 NumSamples 1 (Frame:1).
[2020.09.06-02.43.53:704][  0]LogContentBrowser: Native class hierarchy updated for 'HierarchicalLODOutliner' in 0.0003 seconds. Added 0 classes and 0 folders.
[2020.09.06-02.43.53:704][  0]LogLoad: (Engine Initialization) Total time: 8.45 seconds
[2020.09.06-02.43.53:704][  0]LogLoad: (Engine Initialization) Total Blueprint compile time: 0.00 seconds
[2020.09.06-02.43.53:743][  0]LogAssetRegistry: Asset discovery search completed in 3.9836 seconds
[2020.09.06-02.43.53:746][  0]LogCollectionManager: Fixed up redirectors for 0 collections in 0.000002 seconds (updated 0 objects)
[2020.09.06-02.43.53:749][  0]LogContentStreaming: Texture pool size now 1000 MB
[2020.09.06-02.43.53:810][  0]LogSlate: Took 0.000348 seconds to synchronously load lazily loaded font '../../../Engine/Content/Slate/Fonts/Roboto-Light.ttf' (167K)
[2020.09.06-02.46.04:323][495]LogSlate: Took 0.000318 seconds to synchronously load lazily loaded font '../../../Engine/Content/Slate/Fonts/Roboto-Light.ttf' (167K)
[2020.09.06-02.46.04:376][495]LogUObjectHash: Compacting FUObjectHashTables data took   0.54ms
[2020.09.06-02.46.04:378][495]LogMetaData: Removing '/Game/Heagney/Heagney_Office.Heagney_Office_C' ref from Metadata '/Game/FirstPersonBP/Maps/Heagney_Office.PackageMetaData'
[2020.09.06-02.46.04:378][495]LogMetaData: Removing '/Game/Heagney/Heagney_Office.SKEL_Heagney_Office_C' ref from Metadata '/Game/FirstPersonBP/Maps/Heagney_Office.PackageMetaData'
[2020.09.06-02.46.04:403][495]Cmd: OBJ SAVEPACKAGE PACKAGE="/Game/Heagney/Heagney_Office_BuiltData" FILE="../../../../../../D drive for Heagney/UnrealProjects/HPU3D/Content/Heagney/Heagney_Office_BuiltData.uasset" SILENT=true
[2020.09.06-02.46.04:437][495]LogSavePackage: Moving '../../../../../../D drive for Heagney/UnrealProjects/HPU3D/Saved/Heagney_Office_BuiltData6F3047794C0A5626D3B2B6A093269030.tmp' to '../../../../../../D drive for Heagney/UnrealProjects/HPU3D/Content/Heagney/Heagney_Office_BuiltData.uasset'
[2020.09.06-02.46.04:449][495]LogUObjectHash: Compacting FUObjectHashTables data took   0.49ms
[2020.09.06-02.46.04:498][495]LogSavePackage: Moving '../../../../../../D drive for Heagney/UnrealProjects/HPU3D/Saved/Heagney_Office9194789947BAC76746851B9539CAA562.tmp' to '../../../../../../D drive for Heagney/UnrealProjects/HPU3D/Content/Heagney/Heagney_Office.umap'
[2020.09.06-02.46.04:736][495]LogFileHelpers: Saving map 'Heagney_Office' took 0.296
[2020.09.06-02.46.04:858][495]LogUObjectHash: Compacting FUObjectHashTables data took   0.19ms
[2020.09.06-02.46.04:865][495]LogUObjectHash: Compacting FUObjectHashTables data took   0.19ms
[2020.09.06-02.46.04:883][495]LogUObjectHash: Compacting FUObjectHashTables data took   0.58ms
[2020.09.06-02.46.04:891][495]LogUObjectHash: Compacting FUObjectHashTables data took   0.21ms
[2020.09.06-02.46.04:933][495]AssetCheck: New page: Asset Save: multiple assets
[2020.09.06-02.46.04:933][495]LogContentValidation: Display: Validating MapBuildDataRegistry /Game/Heagney/Heagney_Office_BuiltData.Heagney_Office_BuiltData
[2020.09.06-02.46.04:933][495]LogContentValidation: Display: Validating World /Game/Heagney/Heagney_Office.Heagney_Office
[2020.09.06-02.46.08:700][921]LogUObjectHash: Compacting FUObjectHashTables data took   0.66ms
[2020.09.06-02.46.08:701][921]LogMetaData: Removing '/Game/Heagney/Maps/Heagney_Office.Heagney_Office_C' ref from Metadata '/Game/Heagney/Heagney_Office.PackageMetaData'
[2020.09.06-02.46.08:701][921]LogMetaData: Removing '/Game/Heagney/Maps/Heagney_Office.SKEL_Heagney_Office_C' ref from Metadata '/Game/Heagney/Heagney_Office.PackageMetaData'
[2020.09.06-02.46.08:751][921]LogSavePackage: Moving '../../../../../../D drive for Heagney/UnrealProjects/HPU3D/Saved/Heagney_Office_BuiltDataE54D083F496477B7B5E2DFBB0655B187.tmp' to '../../../../../../D drive for Heagney/UnrealProjects/HPU3D/Content/Heagney/Maps/Heagney_Office_BuiltData.uasset'
[2020.09.06-02.46.08:763][921]LogUObjectHash: Compacting FUObjectHashTables data took   0.53ms
[2020.09.06-02.46.08:808][921]LogSavePackage: Moving '../../../../../../D drive for Heagney/UnrealProjects/HPU3D/Saved/Heagney_Office255A5580431ECD6494D090976E237C5A.tmp' to '../../../../../../D drive for Heagney/UnrealProjects/HPU3D/Content/Heagney/Maps/Heagney_Office.umap'
[2020.09.06-02.46.08:831][921]LogFileHelpers: Saving map 'Heagney_Office' took 0.076
[2020.09.06-02.46.08:922][921]LogUObjectHash: Compacting FUObjectHashTables data took   0.21ms
[2020.09.06-02.46.08:931][921]LogUObjectHash: Compacting FUObjectHashTables data took   0.26ms
[2020.09.06-02.46.08:944][921]LogUObjectHash: Compacting FUObjectHashTables data took   0.50ms
[2020.09.06-02.46.08:951][921]LogUObjectHash: Compacting FUObjectHashTables data took   0.19ms
[2020.09.06-02.46.08:992][921]AssetCheck: New page: Asset Save: multiple assets
[2020.09.06-02.46.08:992][921]LogContentValidation: Display: Validating MapBuildDataRegistry /Game/Heagney/Maps/Heagney_Office_BuiltData.Heagney_Office_BuiltData
[2020.09.06-02.46.08:992][921]LogContentValidation: Display: Validating World /Game/Heagney/Maps/Heagney_Office.Heagney_Office
[2020.09.06-02.46.16:787][820]LogAssetEditorSubsystem: Opening Asset editor for World /Game/FirstPersonBP/Maps/NewWorld.NewWorld
[2020.09.06-02.46.16:794][820]LogUObjectHash: Compacting FUObjectHashTables data took   0.61ms
[2020.09.06-02.46.18:238][820]LogSlate: Window 'Save Content' being destroyed
[2020.09.06-02.46.18:254][820]LogUObjectHash: Compacting FUObjectHashTables data took   0.21ms
[2020.09.06-02.46.18:258][820]LogSavePackage: Moving '../../../../../../D drive for Heagney/UnrealProjects/HPU3D/Saved/NewWorldECC1060E4D3B30E9E9FAF69D0E2F867A.tmp' to '../../../../../../D drive for Heagney/UnrealProjects/HPU3D/Content/FirstPersonBP/Maps/NewWorld.umap'
[2020.09.06-02.46.18:261][820]LogFileHelpers: Saving map 'NewWorld' took 0.016
[2020.09.06-02.46.18:261][820]Cmd: MAP LOAD FILE="../../../../../../D drive for Heagney/UnrealProjects/HPU3D/Content/FirstPersonBP/Maps/NewWorld.umap" TEMPLATE=0 SHOWPROGRESS=1 FEATURELEVEL=3
[2020.09.06-02.46.18:261][820]LightingResults: New page: Lighting Build
[2020.09.06-02.46.18:261][820]LoadErrors: New page: Loading map: NewWorld.umap
[2020.09.06-02.46.18:263][820]LogWorld: UWorld::CleanupWorld for Heagney_Office, bSessionEnded=true, bCleanupResources=true
[2020.09.06-02.46.18:263][820]LogSlate: InvalidateAllWidgets triggered.  All widgets were invalidated
[2020.09.06-02.46.18:263][820]MapCheck: New page: Map Check
[2020.09.06-02.46.18:263][820]LightingResults: New page: Lighting Build
[2020.09.06-02.46.18:273][820]LogAISub: UAISubsystem::~UAISubsystem EnvQueryManager (0000025B48E3D800), frame # 16820
[2020.09.06-02.46.18:273][820]LogAISub: UAISubsystem::~UAISubsystem AIPerceptionSystem (0000025B48A90900), frame # 16820
[2020.09.06-02.46.18:274][820]LogUObjectHash: Compacting FUObjectHashTables data took   0.68ms
[2020.09.06-02.46.18:276][820]LogEditorServer: Finished looking for orphan Actors (0.000 secs)
[2020.09.06-02.46.18:276][820]LogAIModule: Creating AISystem for world NewWorld
[2020.09.06-02.46.18:276][820]LogAISub: UAISubsystem::UAISubsystem EnvQueryManager (0000025B041C1A00), frame # 16820
[2020.09.06-02.46.18:276][820]LogAISub: UAISubsystem::UAISubsystem AIPerceptionSystem (0000025B48E107C0), frame # 16820
[2020.09.06-02.46.18:285][820]LogUObjectHash: Compacting FUObjectHashTables data took   0.47ms
[2020.09.06-02.46.18:301][820]Cmd: MAP CHECKDEP NOCLEARLOG
[2020.09.06-02.46.18:301][820]MapCheck: Map check complete: 0 Error(s), 0 Warning(s), took 0.058ms to complete.
[2020.09.06-02.46.18:301][820]LogFileHelpers: Loading map 'NewWorld' took 0.040
[2020.09.06-02.46.18:338][820]AssetCheck: New page: Asset Save: NewWorld
[2020.09.06-02.46.18:338][820]LogContentValidation: Display: Validating World /Game/FirstPersonBP/Maps/NewWorld.NewWorld
[2020.09.06-02.46.43:085][529]LogSlate: Window 'Project Settings' being destroyed
[2020.09.06-02.46.43:090][529]LogSlate: Window 'Project Settings' being destroyed
[2020.09.06-02.46.44:512][684]LogUObjectHash: Compacting FUObjectHashTables data took   0.79ms
[2020.09.06-02.46.44:520][684]LogSavePackage: Moving '../../../../../../D drive for Heagney/UnrealProjects/HPU3D/Saved/NewWorld446E7BE1459D8B7E3EC4D58BD07F79D6.tmp' to '../../../../../../D drive for Heagney/UnrealProjects/HPU3D/Content/FirstPersonBP/Maps/NewWorld.umap'
[2020.09.06-02.46.44:546][684]AssetCheck: New page: Asset Save: NewWorld
[2020.09.06-02.46.44:546][684]LogContentValidation: Display: Validating World /Game/FirstPersonBP/Maps/NewWorld.NewWorld
[2020.09.06-02.46.45:772][827]LogUObjectHash: Compacting FUObjectHashTables data took   0.19ms
[2020.09.06-02.47.05:686][136]LogUObjectHash: Compacting FUObjectHashTables data took   0.54ms
[2020.09.06-02.47.10:702][136]LogSlate: Window 'Delete Assets' being destroyed
[2020.09.06-02.47.16:914][852]LogUObjectHash: Compacting FUObjectHashTables data took   0.33ms
[2020.09.06-02.47.31:450][541]LogUObjectHash: Compacting FUObjectHashTables data took   0.19ms
[2020.09.06-02.47.35:601][541]LogSlate: Window 'Delete Assets' being destroyed
[2020.09.06-02.47.35:692][541]LogUObjectHash: Compacting FUObjectHashTables data took   0.36ms
[2020.09.06-02.47.35:701][541]LogUObjectHash: Compacting FUObjectHashTables data took   0.21ms
[2020.09.06-02.47.35:709][541]LogUObjectHash: Compacting FUObjectHashTables data took   0.19ms
[2020.09.06-02.47.35:717][541]LogUObjectHash: Compacting FUObjectHashTables data took   0.21ms
[2020.09.06-02.47.35:725][541]LogUObjectHash: Compacting FUObjectHashTables data took   0.37ms
[2020.09.06-02.47.35:742][541]LogUObjectHash: Compacting FUObjectHashTables data took   0.21ms
[2020.09.06-02.47.35:750][541]LogUObjectHash: Compacting FUObjectHashTables data took   0.21ms
[2020.09.06-02.47.49:397][ 98]LogUObjectHash: Compacting FUObjectHashTables data took   0.21ms
[2020.09.06-02.47.56:110][869]LogAssetEditorSubsystem: Opening Asset editor for World /Game/Heagney/Maps/Heagney_Office.Heagney_Office
[2020.09.06-02.47.56:118][869]LogUObjectHash: Compacting FUObjectHashTables data took   0.60ms
[2020.09.06-02.47.56:121][869]Cmd: MAP LOAD FILE="../../../../../../D drive for Heagney/UnrealProjects/HPU3D/Content/Heagney/Maps/Heagney_Office.umap" TEMPLATE=0 SHOWPROGRESS=1 FEATURELEVEL=3
[2020.09.06-02.47.56:121][869]LightingResults: New page: Lighting Build
[2020.09.06-02.47.56:121][869]LoadErrors: New page: Loading map: Heagney_Office.umap
[2020.09.06-02.47.56:121][869]LogWorld: UWorld::CleanupWorld for NewWorld, bSessionEnded=true, bCleanupResources=true
[2020.09.06-02.47.56:121][869]LogSlate: InvalidateAllWidgets triggered.  All widgets were invalidated
[2020.09.06-02.47.56:121][869]MapCheck: New page: Map Check
[2020.09.06-02.47.56:121][869]LightingResults: New page: Lighting Build
[2020.09.06-02.47.56:129][869]LogAISub: UAISubsystem::~UAISubsystem AIPerceptionSystem (0000025B48E107C0), frame # 26869
[2020.09.06-02.47.56:129][869]LogAISub: UAISubsystem::~UAISubsystem EnvQueryManager (0000025B041C1A00), frame # 26869
[2020.09.06-02.47.56:129][869]LogUObjectHash: Compacting FUObjectHashTables data took   0.55ms
[2020.09.06-02.47.56:153][869]LogEditorServer: Finished looking for orphan Actors (0.000 secs)
[2020.09.06-02.47.56:153][869]LogAIModule: Creating AISystem for world Heagney_Office
[2020.09.06-02.47.56:153][869]LogAISub: UAISubsystem::UAISubsystem EnvQueryManager (0000025B788ED400), frame # 26869
[2020.09.06-02.47.56:153][869]LogAISub: UAISubsystem::UAISubsystem AIPerceptionSystem (0000025B41F9D440), frame # 26869
[2020.09.06-02.47.56:164][869]LogUObjectHash: Compacting FUObjectHashTables data took   0.51ms
[2020.09.06-02.47.56:180][869]Cmd: MAP CHECKDEP NOCLEARLOG
[2020.09.06-02.47.56:180][869]MapCheck: Map check complete: 0 Error(s), 0 Warning(s), took 0.059ms to complete.
[2020.09.06-02.47.56:180][869]LogFileHelpers: Loading map 'Heagney_Office' took 0.059
